<?xml version="1.0" encoding="UTF-8"?>
<!-- Generated by org.testng.reporters.JUnitReportReporter -->
<testsuite hostname="DESKTOP-4P7TJIU" name="RestTesting.Ecommers" tests="2" failures="0" timestamp="16 Mar 2022 08:49:26 GMT" time="12.190" errors="0">
  <testcase name="Login" time="9.456" classname="RestTesting.Ecommers"/>
  <testcase name="Getallusers" time="2.734" classname="RestTesting.Ecommers"/>
</testsuite> <!-- RestTesting.Ecommers -->
