<?xml version="1.0" encoding="UTF-8"?>
<!-- Generated by org.testng.reporters.JUnitReportReporter -->
<testsuite hostname="DESKTOP-4P7TJIU" failures="0" tests="3" name="RestTesting.Trello" time="10.249" errors="0" timestamp="15 Mar 2022 07:45:22 GMT">
  <testcase classname="RestTesting.Trello" name="getBoard" time="0.748"/>
  <testcase classname="RestTesting.Trello" name="DeleteBoard" time="0.861"/>
  <testcase classname="RestTesting.Trello" name="createBoard" time="8.640"/>
</testsuite> <!-- RestTesting.Trello -->
