<?xml version="1.0" encoding="UTF-8"?>
<!-- Generated by org.testng.reporters.JUnitReportReporter -->
<testsuite hostname="DESKTOP-4P7TJIU" failures="0" tests="2" name="RestAssure.TestingNG" time="0.028" errors="0" timestamp="15 Mar 2022 04:48:01 GMT">
  <testcase classname="RestAssure.TestingNG" name="testcase2" time="0.005"/>
  <testcase classname="RestAssure.TestingNG" name="testcase1" time="0.023"/>
</testsuite> <!-- RestAssure.TestingNG -->
